2023-08-26 09:33:36.167 [info] Experiment 'pythonPromptNewFormatterExt' is active
2023-08-26 09:33:36.168 [info] Experiment 'pythonPromptNewToolsExt' is active
2023-08-26 09:33:36.169 [info] Experiment 'pythonTestAdaptercf' is active
2023-08-26 09:33:36.169 [info] Test server listening.
2023-08-26 09:33:36.316 [warning] Retry failed, storage update failed for key PYTHON_GLOBAL_STORAGE_KEYS
2023-08-26 09:33:36.363 [warning] Retry failed, storage update failed for key PYTHON_WORKSPACE_STORAGE_KEYS
2023-08-26 09:33:36.363 [warning] Retry failed, storage update failed for key PYTHON_WORKSPACE_STORAGE_KEYS
2023-08-26 09:33:36.363 [warning] Retry failed, storage update failed for key PYTHON_WORKSPACE_STORAGE_KEYS
2023-08-26 09:33:36.392 [info] > C:\Users\minnb\AppData\Local\Microsoft\WindowsApps\python3.11.exe -c "import sys;print(sys.executable)"
2023-08-26 09:33:36.397 [error] [Error: Command failed: C:\Users\minnb\AppData\Local\Microsoft\WindowsApps\python3.11.exe -c "import sys;print(sys.executable)"
/bin/sh: 1: C:UsersminnbAppDataLocalMicrosoftWindowsAppspython3.11.exe: not found

	at ChildProcess.exithandler (node:child_process:400:12)
	at ChildProcess.emit (node:events:513:28)
	at maybeClose (node:internal/child_process:1093:16)
	at Process.ChildProcess._handle.onexit (node:internal/child_process:302:5)] {
  code: 127,
  killed: false,
  signal: null,
  cmd: 'C:\\Users\\minnb\\AppData\\Local\\Microsoft\\WindowsApps\\python3.11.exe -c "import sys;print(sys.executable)"'
}
2023-08-26 09:33:36.446 [error] Unable to start Jedi language server as a valid interpreter is not selected
2023-08-26 09:33:37.187 [info] Discover tests for workspace name: code - uri: /root/code/app.py
