2023-08-26 09:36:01.291 [info] Log level: Info
2023-08-26 09:36:01.292 [info] Validating found git in: "git"
2023-08-26 09:36:01.292 [info] Using git "2.39.2" from "git"
2023-08-26 09:36:01.293 [info] > git rev-parse --show-toplevel [20ms]
2023-08-26 09:36:01.293 [info] fatal: not a git repository (or any parent up to mount point /root)
Stopping at filesystem boundary (GIT_DISCOVERY_ACROSS_FILESYSTEM not set).
2023-08-26 09:36:01.293 [info] > git rev-parse --show-toplevel [9ms]
2023-08-26 09:36:01.293 [info] fatal: not a git repository (or any parent up to mount point /root)
Stopping at filesystem boundary (GIT_DISCOVERY_ACROSS_FILESYSTEM not set).
2023-08-26 09:42:26.105 [info] > git rev-parse --show-toplevel [46ms]
2023-08-26 09:42:26.106 [info] fatal: not a git repository (or any parent up to mount point /root)
Stopping at filesystem boundary (GIT_DISCOVERY_ACROSS_FILESYSTEM not set).
2023-08-26 09:43:16.175 [info] > git rev-parse --show-toplevel [3ms]
2023-08-26 09:43:16.176 [info] fatal: not a git repository (or any parent up to mount point /root)
Stopping at filesystem boundary (GIT_DISCOVERY_ACROSS_FILESYSTEM not set).
2023-08-26 09:45:59.740 [info] > git rev-parse --show-toplevel [5ms]
2023-08-26 09:45:59.740 [info] fatal: not a git repository (or any parent up to mount point /root)
Stopping at filesystem boundary (GIT_DISCOVERY_ACROSS_FILESYSTEM not set).
2023-08-26 09:46:05.360 [info] > git rev-parse --show-toplevel [3ms]
2023-08-26 09:46:05.360 [info] fatal: not a git repository (or any parent up to mount point /root)
Stopping at filesystem boundary (GIT_DISCOVERY_ACROSS_FILESYSTEM not set).
2023-08-26 09:46:21.623 [info] > git rev-parse --show-toplevel [3ms]
2023-08-26 09:46:21.623 [info] fatal: not a git repository (or any parent up to mount point /root)
Stopping at filesystem boundary (GIT_DISCOVERY_ACROSS_FILESYSTEM not set).
2023-08-26 09:48:20.902 [info] > git rev-parse --show-toplevel [5ms]
2023-08-26 09:48:20.902 [info] fatal: not a git repository (or any parent up to mount point /root)
Stopping at filesystem boundary (GIT_DISCOVERY_ACROSS_FILESYSTEM not set).
2023-08-26 09:48:23.221 [info] > git rev-parse --show-toplevel [2ms]
2023-08-26 09:48:23.221 [info] fatal: not a git repository (or any parent up to mount point /root)
Stopping at filesystem boundary (GIT_DISCOVERY_ACROSS_FILESYSTEM not set).
2023-08-26 09:48:39.880 [info] > git rev-parse --show-toplevel [4ms]
2023-08-26 09:48:39.880 [info] fatal: not a git repository (or any parent up to mount point /root)
Stopping at filesystem boundary (GIT_DISCOVERY_ACROSS_FILESYSTEM not set).
2023-08-26 09:48:54.261 [info] > git rev-parse --show-toplevel [2ms]
2023-08-26 09:48:54.262 [info] fatal: not a git repository (or any parent up to mount point /root)
Stopping at filesystem boundary (GIT_DISCOVERY_ACROSS_FILESYSTEM not set).
2023-08-26 09:49:00.489 [info] > git rev-parse --show-toplevel [3ms]
2023-08-26 09:49:00.489 [info] fatal: not a git repository (or any parent up to mount point /root)
Stopping at filesystem boundary (GIT_DISCOVERY_ACROSS_FILESYSTEM not set).
2023-08-26 09:49:25.834 [info] > git rev-parse --show-toplevel [2ms]
2023-08-26 09:49:25.835 [info] fatal: not a git repository (or any parent up to mount point /root)
Stopping at filesystem boundary (GIT_DISCOVERY_ACROSS_FILESYSTEM not set).
2023-08-26 09:50:38.454 [info] > git rev-parse --show-toplevel [4ms]
2023-08-26 09:50:38.454 [info] fatal: not a git repository (or any parent up to mount point /root)
Stopping at filesystem boundary (GIT_DISCOVERY_ACROSS_FILESYSTEM not set).
2023-08-26 09:51:06.714 [info] > git rev-parse --show-toplevel [5ms]
2023-08-26 09:51:06.715 [info] fatal: not a git repository (or any parent up to mount point /root)
Stopping at filesystem boundary (GIT_DISCOVERY_ACROSS_FILESYSTEM not set).
